  Main.cpp
c:\users\bilod\documents\visual studio 2017\projects\ift630-tp02\ProcessusMap.h(18): warning C4240: nonstandard extension used: access to 'ProcessusMap::Rat' now defined to be 'private', previously it was defined to be 'public'
  c:\users\bilod\documents\visual studio 2017\projects\ift630-tp02\ProcessusMap.h(8): note: see declaration of 'ProcessusMap::Rat'
  Map.cpp
  MpiContext.h
  MpiContext.cpp
  Processus.cpp
  ProcessusChasseur.cpp
  ProcessusFactory.cpp
c:\users\bilod\documents\visual studio 2017\projects\ift630-tp02\ProcessusMap.h(18): warning C4240: nonstandard extension used: access to 'ProcessusMap::Rat' now defined to be 'private', previously it was defined to be 'public'
  c:\users\bilod\documents\visual studio 2017\projects\ift630-tp02\ProcessusMap.h(8): note: see declaration of 'ProcessusMap::Rat'
  ProcessusJoueur.cpp
  ProcessusMap.cpp
c:\users\bilod\documents\visual studio 2017\projects\ift630-tp02\ProcessusMap.h(18): warning C4240: nonstandard extension used: access to 'ProcessusMap::Rat' now defined to be 'private', previously it was defined to be 'public'
  c:\users\bilod\documents\visual studio 2017\projects\ift630-tp02\ProcessusMap.h(8): note: see declaration of 'ProcessusMap::Rat'
ProcessusMap.cpp(12): warning C4018: '<': signed/unsigned mismatch
  ProcessusRat.cpp
Release\MpiContext.obj : warning LNK4042: object specified more than once; extras ignored
Main.obj : error LNK2001: unresolved external symbol "public: __thiscall MpiContext::~MpiContext(void)" (??1MpiContext@@QAE@XZ)
Main.obj : error LNK2001: unresolved external symbol "public: __thiscall MpiContext::MpiContext(int,char * * const)" (??0MpiContext@@QAE@HQAPAD@Z)
Processus.obj : error LNK2001: unresolved external symbol "public: class std::basic_string<char,struct std::char_traits<char>,class std::allocator<char> > __thiscall MpiContext::recevoir(int,int)" (?recevoir@MpiContext@@QAE?AV?$basic_string@DU?$char_traits@D@std@@V?$allocator@D@2@@std@@HH@Z)
Processus.obj : error LNK2001: unresolved external symbol "public: void __thiscall MpiContext::envoyer(class std::basic_string<char,struct std::char_traits<char>,class std::allocator<char> > const &,int,int)" (?envoyer@MpiContext@@QAEXABV?$basic_string@DU?$char_traits@D@std@@V?$allocator@D@2@@std@@HH@Z)
Processus.obj : error LNK2001: unresolved external symbol "public: int __thiscall MpiContext::obtenirRang(void)" (?obtenirRang@MpiContext@@QAEHXZ)
ProcessusJoueur.obj : error LNK2001: unresolved external symbol "public: class std::basic_string<char,struct std::char_traits<char>,class std::allocator<char> > __thiscall MpiContext::recevoirToutTag(int)" (?recevoirToutTag@MpiContext@@QAE?AV?$basic_string@DU?$char_traits@D@std@@V?$allocator@D@2@@std@@H@Z)
ProcessusMap.obj : error LNK2001: unresolved external symbol "public: class std::basic_string<char,struct std::char_traits<char>,class std::allocator<char> > __thiscall MpiContext::recevoirToutEmetteur(int)" (?recevoirToutEmetteur@MpiContext@@QAE?AV?$basic_string@DU?$char_traits@D@std@@V?$allocator@D@2@@std@@H@Z)
ProcessusMap.obj : error LNK2001: unresolved external symbol "public: int __thiscall MpiContext::obtenirNbProcs(void)" (?obtenirNbProcs@MpiContext@@QAEHXZ)
C:\Users\bilod\Documents\Visual Studio 2017\Projects\IFT630-TP02\Release\IFT630-TP02.exe : fatal error LNK1120: 8 unresolved externals
