c:\users\bilod\documents\visual studio 2017\projects\ift630-tp02\debug\vc141.pdb
c:\users\bilod\documents\visual studio 2017\projects\ift630-tp02\debug\vc141.idb
c:\users\bilod\documents\visual studio 2017\projects\ift630-tp02\debug\main.obj
c:\users\bilod\documents\visual studio 2017\projects\ift630-tp02\debug\map.obj
c:\users\bilod\documents\visual studio 2017\projects\ift630-tp02\debug\mpicontext.obj
c:\users\bilod\documents\visual studio 2017\projects\ift630-tp02\debug\processus.obj
c:\users\bilod\documents\visual studio 2017\projects\ift630-tp02\debug\processuschasseur.obj
c:\users\bilod\documents\visual studio 2017\projects\ift630-tp02\debug\processusfactory.obj
c:\users\bilod\documents\visual studio 2017\projects\ift630-tp02\debug\processusjoueur.obj
c:\users\bilod\documents\visual studio 2017\projects\ift630-tp02\debug\processusmap.obj
c:\users\bilod\documents\visual studio 2017\projects\ift630-tp02\debug\processusrat.obj
c:\users\bilod\documents\visual studio 2017\projects\ift630-tp02\debug\ift630-tp02.ilk
c:\users\bilod\documents\visual studio 2017\projects\ift630-tp02\debug\ift630-tp02.exe
c:\users\bilod\documents\visual studio 2017\projects\ift630-tp02\debug\ift630-tp02.pdb
c:\users\bilod\documents\visual studio 2017\projects\ift630-tp02\debug\ift630-tp02.tlog\cl.command.1.tlog
c:\users\bilod\documents\visual studio 2017\projects\ift630-tp02\debug\ift630-tp02.tlog\cl.read.1.tlog
c:\users\bilod\documents\visual studio 2017\projects\ift630-tp02\debug\ift630-tp02.tlog\cl.write.1.tlog
c:\users\bilod\documents\visual studio 2017\projects\ift630-tp02\debug\ift630-tp02.tlog\link.command.1.tlog
c:\users\bilod\documents\visual studio 2017\projects\ift630-tp02\debug\ift630-tp02.tlog\link.read.1.tlog
c:\users\bilod\documents\visual studio 2017\projects\ift630-tp02\debug\ift630-tp02.tlog\link.write.1.tlog
